<?xml version="1.0" encoding="UTF-8"?>
<!-- Generated by org.testng.reporters.JUnitReportReporter -->
<testsuite skipped="0" hostname="Cajetan-PC" name="simpliLearn.swiggyApplication.AccountLoginAndBuyFood" tests="2" failures="0" timestamp="30 Mar 2021 15:54:55 GMT" time="156.731" errors="0">
  <testcase name="runAccountLogin" time="54.863" classname="simpliLearn.swiggyApplication.AccountLoginAndBuyFood"/>
  <testcase name="buyFood" time="101.868" classname="simpliLearn.swiggyApplication.AccountLoginAndBuyFood"/>
</testsuite> <!-- simpliLearn.swiggyApplication.AccountLoginAndBuyFood -->
