<?xml version="1.0" encoding="UTF-8"?>
<!-- Generated by org.testng.reporters.JUnitReportReporter -->
<testsuite skipped="0" hostname="Cajetan-PC" name="simpliLearn.swiggyApplication.Search" tests="1" failures="0" timestamp="30 Mar 2021 04:52:29 GMT" time="32.455" errors="0">
  <testcase name="runSearchTest" time="32.455" classname="simpliLearn.swiggyApplication.Search"/>
</testsuite> <!-- simpliLearn.swiggyApplication.Search -->
