<?xml version="1.0" encoding="UTF-8"?>
<!-- Generated by org.testng.reporters.JUnitReportReporter -->
<testsuite skipped="0" hostname="Cajetan-PC" name="simpliLearn.swiggyApplication.Search" tests="1" failures="0" timestamp="30 Mar 2021 06:47:30 GMT" time="24.349" errors="0">
  <testcase name="runSearchTest" time="24.349" classname="simpliLearn.swiggyApplication.Search"/>
</testsuite> <!-- simpliLearn.swiggyApplication.Search -->
