<?xml version="1.0" encoding="UTF-8"?>
<!-- Generated by org.testng.reporters.JUnitReportReporter -->
<testsuite skipped="0" hostname="Cajetan-PC" name="simpliLearn.swiggyApplication.AccountLoginAndBuyFood" tests="2" failures="0" timestamp="31 Mar 2021 04:46:36 GMT" time="164.868" errors="0">
  <testcase name="runAccountLogin" time="47.159" classname="simpliLearn.swiggyApplication.AccountLoginAndBuyFood"/>
  <testcase name="buyFood" time="117.709" classname="simpliLearn.swiggyApplication.AccountLoginAndBuyFood"/>
</testsuite> <!-- simpliLearn.swiggyApplication.AccountLoginAndBuyFood -->
