<?xml version="1.0" encoding="UTF-8"?>
<!-- Generated by org.testng.reporters.JUnitReportReporter -->
<testsuite skipped="2" hostname="Cajetan-PC" name="simpliLearn.swiggyApplication.AccountLoginAndBuyFood" tests="2" failures="0" timestamp="30 Mar 2021 09:56:55 GMT" time="0.000" errors="0">
  <testcase name="runAccountLogin" time="0.000" classname="simpliLearn.swiggyApplication.AccountLoginAndBuyFood">
    <skipped/>
  </testcase> <!-- runAccountLogin -->
  <testcase name="buyFood" time="0.000" classname="simpliLearn.swiggyApplication.AccountLoginAndBuyFood">
    <skipped/>
  </testcase> <!-- buyFood -->
</testsuite> <!-- simpliLearn.swiggyApplication.AccountLoginAndBuyFood -->
